UnityRNAllAos/build/outputs/logs/manifest-merger-debug-report.txt
-- Merging decision tree log ---
manifest
ADDED from src/main/AndroidManifest.xml:2:1-22:12
INJECTED from src/main/AndroidManifest.xml:2:1-22:12
INJECTED from src/main/AndroidManifest.xml:2:1-22:12
INJECTED from src/main/AndroidManifest.xml:2:1-22:12
MERGED from [:unityrnmodule] AndroidManifest.xml:2:1-40:12
MERGED from [appcompat-v7-23.4.0.aar] AndroidManifest.xml:17:1-27:12
MERGED from [react-native-0.58.6.aar] AndroidManifest.xml:2:1-15:12
MERGED from [soloader-0.6.0.aar] AndroidManifest.xml:2:1-13:12
MERGED from [support-v4-23.4.0.aar] AndroidManifest.xml:17:1-24:12
MERGED from [android-jsc-r174650.aar] AndroidManifest.xml:1:1-3:12
MERGED from [imagepipeline-1.10.0.aar] AndroidManifest.xml:2:1-9:12
MERGED from [imagepipeline-base-1.10.0.aar] AndroidManifest.xml:2:1-9:12
MERGED from [fresco-1.10.0.aar] AndroidManifest.xml:2:1-9:12
MERGED from [imagepipeline-okhttp3-1.10.0.aar] AndroidManifest.xml:2:1-9:12
MERGED from [drawee-1.10.0.aar] AndroidManifest.xml:2:1-9:12
MERGED from [fbcore-1.10.0.aar] AndroidManifest.xml:2:1-9:12
INJECTED from src/main/AndroidManifest.xml:2:1-22:12
INJECTED from src/main/AndroidManifest.xml:2:1-22:12
INJECTED from src/main/AndroidManifest.xml:2:1-22:12
	package
		ADDED from src/main/AndroidManifest.xml:2:70-102
		INJECTED from src/main/AndroidManifest.xml
		INJECTED from src/main/AndroidManifest.xml
	android:versionName
		INJECTED from src/main/AndroidManifest.xml
		ADDED from src/main/AndroidManifest.xml:2:1-22:12
		INJECTED from src/main/AndroidManifest.xml
	xmlns:tools
		ADDED from src/main/AndroidManifest.xml:2:103-149
	android:versionCode
		INJECTED from src/main/AndroidManifest.xml
		ADDED from src/main/AndroidManifest.xml:2:1-22:12
		INJECTED from src/main/AndroidManifest.xml
	xmlns:android
		ADDED from src/main/AndroidManifest.xml:2:11-69
	android:installLocation
		ADDED from src/main/AndroidManifest.xml:2:150-190
supports-screens
ADDED from src/main/AndroidManifest.xml:3:3-163
	android:largeScreens
		ADDED from src/main/AndroidManifest.xml:3:78-105
	android:smallScreens
		ADDED from src/main/AndroidManifest.xml:3:21-48
	android:normalScreens
		ADDED from src/main/AndroidManifest.xml:3:49-77
	android:xlargeScreens
		ADDED from src/main/AndroidManifest.xml:3:106-134
	android:anyDensity
		ADDED from src/main/AndroidManifest.xml:3:135-160
application
ADDED from src/main/AndroidManifest.xml:4:3-16:17
MERGED from [:unityrnmodule] AndroidManifest.xml:15:5-38:19
MERGED from [:unityrnmodule] AndroidManifest.xml:15:5-38:19
MERGED from [appcompat-v7-23.4.0.aar] AndroidManifest.xml:25:5-20
MERGED from [appcompat-v7-23.4.0.aar] AndroidManifest.xml:25:5-20
MERGED from [react-native-0.58.6.aar] AndroidManifest.xml:13:5-20
MERGED from [react-native-0.58.6.aar] AndroidManifest.xml:13:5-20
MERGED from [soloader-0.6.0.aar] AndroidManifest.xml:11:5-20
MERGED from [soloader-0.6.0.aar] AndroidManifest.xml:11:5-20
MERGED from [support-v4-23.4.0.aar] AndroidManifest.xml:22:5-20
MERGED from [support-v4-23.4.0.aar] AndroidManifest.xml:22:5-20
MERGED from [android-jsc-r174650.aar] AndroidManifest.xml:2:3-17
MERGED from [android-jsc-r174650.aar] AndroidManifest.xml:2:3-17
	android:supportsRtl
		ADDED from [:unityrnmodule] AndroidManifest.xml:17:9-35
	android:label
		ADDED from src/main/AndroidManifest.xml:4:90-122
	android:allowBackup
		ADDED from [:unityrnmodule] AndroidManifest.xml:16:9-35
	android:icon
		ADDED from src/main/AndroidManifest.xml:4:58-89
	android:banner
		ADDED from src/main/AndroidManifest.xml:4:145-182
	android:theme
		ADDED from src/main/AndroidManifest.xml:4:16-57
	android:isGame
		ADDED from src/main/AndroidManifest.xml:4:123-144
	android:usesCleartextTraffic
		ADDED from [:unityrnmodule] AndroidManifest.xml:18:9-44
activity#com.tenvine.UnityRNAll.UnityPlayerActivity
ADDED from src/main/AndroidManifest.xml:5:5-12:16
	android:screenOrientation
		ADDED from src/main/AndroidManifest.xml:5:48-86
	android:label
		ADDED from src/main/AndroidManifest.xml:5:15-47
	android:launchMode
		ADDED from src/main/AndroidManifest.xml:5:87-118
	android:hardwareAccelerated
		ADDED from src/main/AndroidManifest.xml:5:301-336
	android:configChanges
		ADDED from src/main/AndroidManifest.xml:5:119-300
	android:name
		ADDED from src/main/AndroidManifest.xml:5:337-394
meta-data#unity.build-id
ADDED from src/main/AndroidManifest.xml:13:5-101
	android:value
		ADDED from src/main/AndroidManifest.xml:13:46-98
	android:name
		ADDED from src/main/AndroidManifest.xml:13:16-45
meta-data#unity.splash-mode
ADDED from src/main/AndroidManifest.xml:14:5-69
	android:value
		ADDED from src/main/AndroidManifest.xml:14:49-66
	android:name
		ADDED from src/main/AndroidManifest.xml:14:16-48
meta-data#unity.splash-enable
ADDED from src/main/AndroidManifest.xml:15:5-74
	android:value
		ADDED from src/main/AndroidManifest.xml:15:51-71
	android:name
		ADDED from src/main/AndroidManifest.xml:15:16-50
uses-feature#0x00020000
ADDED from src/main/AndroidManifest.xml:17:3-52
	android:glEsVersion
		ADDED from src/main/AndroidManifest.xml:17:17-49
uses-permission#android.permission.INTERNET
ADDED from src/main/AndroidManifest.xml:18:3-65
MERGED from [:unityrnmodule] AndroidManifest.xml:11:5-67
MERGED from [:unityrnmodule] AndroidManifest.xml:11:5-67
	android:name
		ADDED from src/main/AndroidManifest.xml:18:20-62
uses-feature#android.hardware.touchscreen
ADDED from src/main/AndroidManifest.xml:19:3-88
	android:required
		ADDED from src/main/AndroidManifest.xml:19:61-85
	android:name
		ADDED from src/main/AndroidManifest.xml:19:17-60
uses-feature#android.hardware.touchscreen.multitouch
ADDED from src/main/AndroidManifest.xml:20:3-99
	android:required
		ADDED from src/main/AndroidManifest.xml:20:72-96
	android:name
		ADDED from src/main/AndroidManifest.xml:20:17-71
uses-feature#android.hardware.touchscreen.multitouch.distinct
ADDED from src/main/AndroidManifest.xml:21:3-108
	android:required
		ADDED from src/main/AndroidManifest.xml:21:81-105
	android:name
		ADDED from src/main/AndroidManifest.xml:21:17-80
uses-sdk
INJECTED from src/main/AndroidManifest.xml reason: use-sdk injection requested
INJECTED from src/main/AndroidManifest.xml
INJECTED from src/main/AndroidManifest.xml
MERGED from [:unityrnmodule] AndroidManifest.xml:7:5-9:41
MERGED from [:unityrnmodule] AndroidManifest.xml:7:5-9:41
MERGED from [appcompat-v7-23.4.0.aar] AndroidManifest.xml:21:5-23:78
MERGED from [appcompat-v7-23.4.0.aar] AndroidManifest.xml:21:5-23:78
MERGED from [react-native-0.58.6.aar] AndroidManifest.xml:7:5-9:41
MERGED from [react-native-0.58.6.aar] AndroidManifest.xml:7:5-9:41
MERGED from [soloader-0.6.0.aar] AndroidManifest.xml:7:5-9:41
MERGED from [soloader-0.6.0.aar] AndroidManifest.xml:7:5-9:41
MERGED from [support-v4-23.4.0.aar] AndroidManifest.xml:20:5-43
MERGED from [support-v4-23.4.0.aar] AndroidManifest.xml:20:5-43
MERGED from [imagepipeline-1.10.0.aar] AndroidManifest.xml:5:5-7:41
MERGED from [imagepipeline-1.10.0.aar] AndroidManifest.xml:5:5-7:41
MERGED from [imagepipeline-base-1.10.0.aar] AndroidManifest.xml:5:5-7:41
MERGED from [imagepipeline-base-1.10.0.aar] AndroidManifest.xml:5:5-7:41
MERGED from [fresco-1.10.0.aar] AndroidManifest.xml:5:5-7:41
MERGED from [fresco-1.10.0.aar] AndroidManifest.xml:5:5-7:41
MERGED from [imagepipeline-okhttp3-1.10.0.aar] AndroidManifest.xml:5:5-7:41
MERGED from [imagepipeline-okhttp3-1.10.0.aar] AndroidManifest.xml:5:5-7:41
MERGED from [drawee-1.10.0.aar] AndroidManifest.xml:5:5-7:41
MERGED from [drawee-1.10.0.aar] AndroidManifest.xml:5:5-7:41
MERGED from [fbcore-1.10.0.aar] AndroidManifest.xml:5:5-7:41
MERGED from [fbcore-1.10.0.aar] AndroidManifest.xml:5:5-7:41
INJECTED from src/main/AndroidManifest.xml
INJECTED from src/main/AndroidManifest.xml
	tools:overrideLibrary
		ADDED from [appcompat-v7-23.4.0.aar] AndroidManifest.xml:23:9-75
	android:targetSdkVersion
		INJECTED from src/main/AndroidManifest.xml
		ADDED from src/main/AndroidManifest.xml
		INJECTED from src/main/AndroidManifest.xml
	android:minSdkVersion
		INJECTED from src/main/AndroidManifest.xml
		ADDED from src/main/AndroidManifest.xml
		INJECTED from src/main/AndroidManifest.xml
uses-permission#android.permission.WRITE_EXTERNAL_STORAGE
ADDED from [:unityrnmodule] AndroidManifest.xml:12:5-81
	android:name
		ADDED from [:unityrnmodule] AndroidManifest.xml:12:22-78
uses-permission#android.permission.READ_EXTERNAL_STORAGE
ADDED from [:unityrnmodule] AndroidManifest.xml:13:5-80
	android:name
		ADDED from [:unityrnmodule] AndroidManifest.xml:13:22-77
activity#com.tenvine.unityrnmodule.MainActivity
ADDED from [:unityrnmodule] AndroidManifest.xml:19:9-30:20
	android:name
		ADDED from [:unityrnmodule] AndroidManifest.xml:19:19-72
intent-filter#action:name:android.intent.action.MAIN+category:name:android.intent.category.LAUNCHER+category:name:android.intent.category.LEANBACK_LAUNCHER
ADDED from [:unityrnmodule] AndroidManifest.xml:20:13-25:29
action#android.intent.action.MAIN
ADDED from [:unityrnmodule] AndroidManifest.xml:21:17-69
	android:name
		ADDED from [:unityrnmodule] AndroidManifest.xml:21:25-66
category#android.intent.category.LAUNCHER
ADDED from [:unityrnmodule] AndroidManifest.xml:23:17-77
	android:name
		ADDED from [:unityrnmodule] AndroidManifest.xml:23:27-74
category#android.intent.category.LEANBACK_LAUNCHER
ADDED from [:unityrnmodule] AndroidManifest.xml:24:17-86
	android:name
		ADDED from [:unityrnmodule] AndroidManifest.xml:24:27-83
meta-data#unityplayer.UnityActivity
ADDED from [:unityrnmodule] AndroidManifest.xml:27:13-29:40
	android:value
		ADDED from [:unityrnmodule] AndroidManifest.xml:29:17-37
	android:name
		ADDED from [:unityrnmodule] AndroidManifest.xml:28:17-57
activity#com.tenvine.unityrnmodule.RegionActivity
ADDED from [:unityrnmodule] AndroidManifest.xml:31:9-34:20
	android:theme
		ADDED from [:unityrnmodule] AndroidManifest.xml:33:13-69
	android:name
		ADDED from [:unityrnmodule] AndroidManifest.xml:32:13-68
activity#com.tenvine.unityrnmodule.RNActivity
ADDED from [:unityrnmodule] AndroidManifest.xml:35:9-37:72
	android:theme
		ADDED from [:unityrnmodule] AndroidManifest.xml:37:13-69
	android:name
		ADDED from [:unityrnmodule] AndroidManifest.xml:36:13-64
uses-permission#android.permission.SYSTEM_ALERT_WINDOW
ADDED from [react-native-0.58.6.aar] AndroidManifest.xml:11:5-78
	android:name
		ADDED from [react-native-0.58.6.aar] AndroidManifest.xml:11:22-75
uses-permission#android.permission.READ_PHONE_STATE
IMPLIED from src/main/AndroidManifest.xml:2:1-22:12 reason: org.webkit.android_jsc has a targetSdkVersion < 4